execve("./part1.x", ["./part1.x"], [/* 22 vars */]) = 0
brk(NULL)                               = 0x2580000
access("/etc/ld.so.nohwcap", F_OK)      = -1 ENOENT (No such file or directory)
access("/etc/ld.so.preload", R_OK)      = -1 ENOENT (No such file or directory)
open("/etc/ld.so.cache", O_RDONLY|O_CLOEXEC) = 3
fstat(3, {st_mode=S_IFREG|0644, st_size=99075, ...}) = 0
mmap(NULL, 99075, PROT_READ, MAP_PRIVATE, 3, 0) = 0x7fb4c15be000
close(3)                                = 0
access("/etc/ld.so.nohwcap", F_OK)      = -1 ENOENT (No such file or directory)
open("/lib/x86_64-linux-gnu/libc.so.6", O_RDONLY|O_CLOEXEC) = 3
read(3, "\177ELF\2\1\1\3\0\0\0\0\0\0\0\0\3\0>\0\1\0\0\0`\t\2\0\0\0\0\0"..., 832) = 832
fstat(3, {st_mode=S_IFREG|0755, st_size=1868984, ...}) = 0
mmap(NULL, 4096, PROT_READ|PROT_WRITE, MAP_PRIVATE|MAP_ANONYMOUS, -1, 0) = 0x7fb4c15bd000
mmap(NULL, 3971488, PROT_READ|PROT_EXEC, MAP_PRIVATE|MAP_DENYWRITE, 3, 0) = 0x7fb4c0fe8000
mprotect(0x7fb4c11a8000, 2097152, PROT_NONE) = 0
mmap(0x7fb4c13a8000, 24576, PROT_READ|PROT_WRITE, MAP_PRIVATE|MAP_FIXED|MAP_DENYWRITE, 3, 0x1c0000) = 0x7fb4c13a8000
mmap(0x7fb4c13ae000, 14752, PROT_READ|PROT_WRITE, MAP_PRIVATE|MAP_FIXED|MAP_ANONYMOUS, -1, 0) = 0x7fb4c13ae000
close(3)                                = 0
mmap(NULL, 4096, PROT_READ|PROT_WRITE, MAP_PRIVATE|MAP_ANONYMOUS, -1, 0) = 0x7fb4c15bc000
mmap(NULL, 4096, PROT_READ|PROT_WRITE, MAP_PRIVATE|MAP_ANONYMOUS, -1, 0) = 0x7fb4c15bb000
arch_prctl(ARCH_SET_FS, 0x7fb4c15bc700) = 0
mprotect(0x7fb4c13a8000, 16384, PROT_READ) = 0
mprotect(0x600000, 4096, PROT_READ)     = 0
mprotect(0x7fb4c15d7000, 4096, PROT_READ) = 0
munmap(0x7fb4c15be000, 99075)           = 0
clone(child_stack=0, flags=CLONE_CHILD_CLEARTID|CLONE_CHILD_SETTID|SIGCHLD, child_tidptr=0x7fb4c15bc9d0) = 2696
getpid()                                = 2695
access("test", F_OK)                    = -1 ENOENT (No such file or directory)
fstat(1, {st_mode=S_IFCHR|0620, st_rdev=makedev(136, 9), ...}) = 0
brk(NULL)                               = 0x2580000
--- SIGCHLD {si_signo=SIGCHLD, si_code=CLD_EXITED, si_pid=2696, si_uid=1000, si_status=0, si_utime=0, si_stime=0} ---
brk(0x25a1000)                          = 0x25a1000
write(1, "Hello world!", 12)            = 12
exit_group(0)                           = ?
+++ exited with 0 +++
